ARM GAS  C:\Users\robot1\AppData\Local\Temp\ccchxRW4.s 			page 1


   1              		.cpu cortex-m3
   2              		.eabi_attribute 20, 1
   3              		.eabi_attribute 21, 1
   4              		.eabi_attribute 23, 3
   5              		.eabi_attribute 24, 1
   6              		.eabi_attribute 25, 1
   7              		.eabi_attribute 26, 1
   8              		.eabi_attribute 30, 1
   9              		.eabi_attribute 34, 1
  10              		.eabi_attribute 18, 4
  11              		.file	"gpio.c"
  12              		.text
  13              	.Ltext0:
  14              		.cfi_sections	.debug_frame
  15              		.section	.text.MX_GPIO_Init,"ax",%progbits
  16              		.align	1
  17              		.global	MX_GPIO_Init
  18              		.arch armv7-m
  19              		.syntax unified
  20              		.thumb
  21              		.thumb_func
  22              		.fpu softvfp
  24              	MX_GPIO_Init:
  25              	.LFB66:
  26              		.file 1 "Src/gpio.c"
   1:Src/gpio.c    **** /**
   2:Src/gpio.c    ****   ******************************************************************************
   3:Src/gpio.c    ****   * File Name          : gpio.c
   4:Src/gpio.c    ****   * Description        : This file provides code for the configuration
   5:Src/gpio.c    ****   *                      of all used GPIO pins.
   6:Src/gpio.c    ****   ******************************************************************************
   7:Src/gpio.c    ****   * This notice applies to any and all portions of this file
   8:Src/gpio.c    ****   * that are not between comment pairs USER CODE BEGIN and
   9:Src/gpio.c    ****   * USER CODE END. Other portions of this file, whether 
  10:Src/gpio.c    ****   * inserted by the user or by software development tools
  11:Src/gpio.c    ****   * are owned by their respective copyright owners.
  12:Src/gpio.c    ****   *
  13:Src/gpio.c    ****   * Copyright (c) 2019 STMicroelectronics International N.V. 
  14:Src/gpio.c    ****   * All rights reserved.
  15:Src/gpio.c    ****   *
  16:Src/gpio.c    ****   * Redistribution and use in source and binary forms, with or without 
  17:Src/gpio.c    ****   * modification, are permitted, provided that the following conditions are met:
  18:Src/gpio.c    ****   *
  19:Src/gpio.c    ****   * 1. Redistribution of source code must retain the above copyright notice, 
  20:Src/gpio.c    ****   *    this list of conditions and the following disclaimer.
  21:Src/gpio.c    ****   * 2. Redistributions in binary form must reproduce the above copyright notice,
  22:Src/gpio.c    ****   *    this list of conditions and the following disclaimer in the documentation
  23:Src/gpio.c    ****   *    and/or other materials provided with the distribution.
  24:Src/gpio.c    ****   * 3. Neither the name of STMicroelectronics nor the names of other 
  25:Src/gpio.c    ****   *    contributors to this software may be used to endorse or promote products 
  26:Src/gpio.c    ****   *    derived from this software without specific written permission.
  27:Src/gpio.c    ****   * 4. This software, including modifications and/or derivative works of this 
  28:Src/gpio.c    ****   *    software, must execute solely and exclusively on microcontroller or
  29:Src/gpio.c    ****   *    microprocessor devices manufactured by or for STMicroelectronics.
  30:Src/gpio.c    ****   * 5. Redistribution and use of this software other than as permitted under 
  31:Src/gpio.c    ****   *    this license is void and will automatically terminate your rights under 
  32:Src/gpio.c    ****   *    this license. 
ARM GAS  C:\Users\robot1\AppData\Local\Temp\ccchxRW4.s 			page 2


  33:Src/gpio.c    ****   *
  34:Src/gpio.c    ****   * THIS SOFTWARE IS PROVIDED BY STMICROELECTRONICS AND CONTRIBUTORS "AS IS" 
  35:Src/gpio.c    ****   * AND ANY EXPRESS, IMPLIED OR STATUTORY WARRANTIES, INCLUDING, BUT NOT 
  36:Src/gpio.c    ****   * LIMITED TO, THE IMPLIED WARRANTIES OF MERCHANTABILITY, FITNESS FOR A 
  37:Src/gpio.c    ****   * PARTICULAR PURPOSE AND NON-INFRINGEMENT OF THIRD PARTY INTELLECTUAL PROPERTY
  38:Src/gpio.c    ****   * RIGHTS ARE DISCLAIMED TO THE FULLEST EXTENT PERMITTED BY LAW. IN NO EVENT 
  39:Src/gpio.c    ****   * SHALL STMICROELECTRONICS OR CONTRIBUTORS BE LIABLE FOR ANY DIRECT, INDIRECT,
  40:Src/gpio.c    ****   * INCIDENTAL, SPECIAL, EXEMPLARY, OR CONSEQUENTIAL DAMAGES (INCLUDING, BUT NOT
  41:Src/gpio.c    ****   * LIMITED TO, PROCUREMENT OF SUBSTITUTE GOODS OR SERVICES; LOSS OF USE, DATA, 
  42:Src/gpio.c    ****   * OR PROFITS; OR BUSINESS INTERRUPTION) HOWEVER CAUSED AND ON ANY THEORY OF 
  43:Src/gpio.c    ****   * LIABILITY, WHETHER IN CONTRACT, STRICT LIABILITY, OR TORT (INCLUDING 
  44:Src/gpio.c    ****   * NEGLIGENCE OR OTHERWISE) ARISING IN ANY WAY OUT OF THE USE OF THIS SOFTWARE,
  45:Src/gpio.c    ****   * EVEN IF ADVISED OF THE POSSIBILITY OF SUCH DAMAGE.
  46:Src/gpio.c    ****   *
  47:Src/gpio.c    ****   ******************************************************************************
  48:Src/gpio.c    ****   */
  49:Src/gpio.c    **** 
  50:Src/gpio.c    **** /* Includes ------------------------------------------------------------------*/
  51:Src/gpio.c    **** #include "gpio.h"
  52:Src/gpio.c    **** /* USER CODE BEGIN 0 */
  53:Src/gpio.c    **** 
  54:Src/gpio.c    **** /* USER CODE END 0 */
  55:Src/gpio.c    **** 
  56:Src/gpio.c    **** /*----------------------------------------------------------------------------*/
  57:Src/gpio.c    **** /* Configure GPIO                                                             */
  58:Src/gpio.c    **** /*----------------------------------------------------------------------------*/
  59:Src/gpio.c    **** /* USER CODE BEGIN 1 */
  60:Src/gpio.c    **** 
  61:Src/gpio.c    **** /* USER CODE END 1 */
  62:Src/gpio.c    **** 
  63:Src/gpio.c    **** /** Configure pins as 
  64:Src/gpio.c    ****         * Analog 
  65:Src/gpio.c    ****         * Input 
  66:Src/gpio.c    ****         * Output
  67:Src/gpio.c    ****         * EVENT_OUT
  68:Src/gpio.c    ****         * EXTI
  69:Src/gpio.c    **** */
  70:Src/gpio.c    **** void MX_GPIO_Init(void)
  71:Src/gpio.c    **** {
  27              		.loc 1 71 1 view -0
  28              		.cfi_startproc
  29              		@ args = 0, pretend = 0, frame = 32
  30              		@ frame_needed = 0, uses_anonymous_args = 0
  31 0000 30B5     		push	{r4, r5, lr}
  32              	.LCFI0:
  33              		.cfi_def_cfa_offset 12
  34              		.cfi_offset 4, -12
  35              		.cfi_offset 5, -8
  36              		.cfi_offset 14, -4
  37 0002 89B0     		sub	sp, sp, #36
  38              	.LCFI1:
  39              		.cfi_def_cfa_offset 48
  72:Src/gpio.c    **** 
  73:Src/gpio.c    ****   GPIO_InitTypeDef GPIO_InitStruct = {0};
  40              		.loc 1 73 3 view .LVU1
  41              		.loc 1 73 20 is_stmt 0 view .LVU2
  42 0004 0024     		movs	r4, #0
ARM GAS  C:\Users\robot1\AppData\Local\Temp\ccchxRW4.s 			page 3


  43 0006 0494     		str	r4, [sp, #16]
  44 0008 0594     		str	r4, [sp, #20]
  45 000a 0694     		str	r4, [sp, #24]
  46 000c 0794     		str	r4, [sp, #28]
  74:Src/gpio.c    **** 
  75:Src/gpio.c    ****   /* GPIO Ports Clock Enable */
  76:Src/gpio.c    ****   __HAL_RCC_GPIOC_CLK_ENABLE();
  47              		.loc 1 76 3 is_stmt 1 view .LVU3
  48              	.LBB2:
  49              		.loc 1 76 3 view .LVU4
  50              		.loc 1 76 3 view .LVU5
  51 000e 184B     		ldr	r3, .L3
  52 0010 9A69     		ldr	r2, [r3, #24]
  53 0012 42F01002 		orr	r2, r2, #16
  54 0016 9A61     		str	r2, [r3, #24]
  55              		.loc 1 76 3 view .LVU6
  56 0018 9A69     		ldr	r2, [r3, #24]
  57 001a 02F01002 		and	r2, r2, #16
  58 001e 0192     		str	r2, [sp, #4]
  59              		.loc 1 76 3 view .LVU7
  60 0020 019A     		ldr	r2, [sp, #4]
  61              	.LBE2:
  77:Src/gpio.c    ****   __HAL_RCC_GPIOD_CLK_ENABLE();
  62              		.loc 1 77 3 view .LVU8
  63              	.LBB3:
  64              		.loc 1 77 3 view .LVU9
  65              		.loc 1 77 3 view .LVU10
  66 0022 9A69     		ldr	r2, [r3, #24]
  67 0024 42F02002 		orr	r2, r2, #32
  68 0028 9A61     		str	r2, [r3, #24]
  69              		.loc 1 77 3 view .LVU11
  70 002a 9A69     		ldr	r2, [r3, #24]
  71 002c 02F02002 		and	r2, r2, #32
  72 0030 0292     		str	r2, [sp, #8]
  73              		.loc 1 77 3 view .LVU12
  74 0032 029A     		ldr	r2, [sp, #8]
  75              	.LBE3:
  78:Src/gpio.c    ****   __HAL_RCC_GPIOA_CLK_ENABLE();
  76              		.loc 1 78 3 view .LVU13
  77              	.LBB4:
  78              		.loc 1 78 3 view .LVU14
  79              		.loc 1 78 3 view .LVU15
  80 0034 9A69     		ldr	r2, [r3, #24]
  81 0036 42F00402 		orr	r2, r2, #4
  82 003a 9A61     		str	r2, [r3, #24]
  83              		.loc 1 78 3 view .LVU16
  84 003c 9B69     		ldr	r3, [r3, #24]
  85 003e 03F00403 		and	r3, r3, #4
  86 0042 0393     		str	r3, [sp, #12]
  87              		.loc 1 78 3 view .LVU17
  88 0044 039B     		ldr	r3, [sp, #12]
  89              	.LBE4:
  79:Src/gpio.c    **** 
  80:Src/gpio.c    ****   /*Configure GPIO pin Output Level */
  81:Src/gpio.c    ****   HAL_GPIO_WritePin(GPIOC, GPIO_PIN_13, GPIO_PIN_RESET);
  90              		.loc 1 81 3 view .LVU18
  91 0046 0B4D     		ldr	r5, .L3+4
ARM GAS  C:\Users\robot1\AppData\Local\Temp\ccchxRW4.s 			page 4


  92 0048 2246     		mov	r2, r4
  93 004a 4FF40051 		mov	r1, #8192
  94 004e 2846     		mov	r0, r5
  95 0050 FFF7FEFF 		bl	HAL_GPIO_WritePin
  96              	.LVL0:
  82:Src/gpio.c    **** 
  83:Src/gpio.c    ****   /*Configure GPIO pin : PC13 */
  84:Src/gpio.c    ****   GPIO_InitStruct.Pin = GPIO_PIN_13;
  97              		.loc 1 84 3 view .LVU19
  98              		.loc 1 84 23 is_stmt 0 view .LVU20
  99 0054 4FF40053 		mov	r3, #8192
 100 0058 0493     		str	r3, [sp, #16]
  85:Src/gpio.c    ****   GPIO_InitStruct.Mode = GPIO_MODE_OUTPUT_PP;
 101              		.loc 1 85 3 is_stmt 1 view .LVU21
 102              		.loc 1 85 24 is_stmt 0 view .LVU22
 103 005a 0123     		movs	r3, #1
 104 005c 0593     		str	r3, [sp, #20]
  86:Src/gpio.c    ****   GPIO_InitStruct.Pull = GPIO_NOPULL;
 105              		.loc 1 86 3 is_stmt 1 view .LVU23
 106              		.loc 1 86 24 is_stmt 0 view .LVU24
 107 005e 0694     		str	r4, [sp, #24]
  87:Src/gpio.c    ****   GPIO_InitStruct.Speed = GPIO_SPEED_FREQ_LOW;
 108              		.loc 1 87 3 is_stmt 1 view .LVU25
 109              		.loc 1 87 25 is_stmt 0 view .LVU26
 110 0060 0223     		movs	r3, #2
 111 0062 0793     		str	r3, [sp, #28]
  88:Src/gpio.c    ****   HAL_GPIO_Init(GPIOC, &GPIO_InitStruct);
 112              		.loc 1 88 3 is_stmt 1 view .LVU27
 113 0064 04A9     		add	r1, sp, #16
 114 0066 2846     		mov	r0, r5
 115 0068 FFF7FEFF 		bl	HAL_GPIO_Init
 116              	.LVL1:
  89:Src/gpio.c    **** 
  90:Src/gpio.c    **** }
 117              		.loc 1 90 1 is_stmt 0 view .LVU28
 118 006c 09B0     		add	sp, sp, #36
 119              	.LCFI2:
 120              		.cfi_def_cfa_offset 12
 121              		@ sp needed
 122 006e 30BD     		pop	{r4, r5, pc}
 123              	.L4:
 124              		.align	2
 125              	.L3:
 126 0070 00100240 		.word	1073876992
 127 0074 00100140 		.word	1073811456
 128              		.cfi_endproc
 129              	.LFE66:
 131              		.text
 132              	.Letext0:
 133              		.file 2 "f:\\gnu mcu eclipse\\arm embedded gcc\\8.2.1-1.7-20190524-0603\\arm-none-eabi\\include\\m
 134              		.file 3 "f:\\gnu mcu eclipse\\arm embedded gcc\\8.2.1-1.7-20190524-0603\\arm-none-eabi\\include\\s
 135              		.file 4 "Drivers/CMSIS/Include/core_cm3.h"
 136              		.file 5 "Drivers/CMSIS/Device/ST/STM32F1xx/Include/system_stm32f1xx.h"
 137              		.file 6 "Drivers/CMSIS/Device/ST/STM32F1xx/Include/stm32f103xb.h"
 138              		.file 7 "f:\\gnu mcu eclipse\\arm embedded gcc\\8.2.1-1.7-20190524-0603\\arm-none-eabi\\include\\s
 139              		.file 8 "f:\\gnu mcu eclipse\\arm embedded gcc\\8.2.1-1.7-20190524-0603\\arm-none-eabi\\include\\s
 140              		.file 9 "f:\\gnu mcu eclipse\\arm embedded gcc\\8.2.1-1.7-20190524-0603\\lib\\gcc\\arm-none-eabi\\
ARM GAS  C:\Users\robot1\AppData\Local\Temp\ccchxRW4.s 			page 5


 141              		.file 10 "f:\\gnu mcu eclipse\\arm embedded gcc\\8.2.1-1.7-20190524-0603\\arm-none-eabi\\include\\
 142              		.file 11 "Drivers/STM32F1xx_HAL_Driver/Inc/stm32f1xx_hal_gpio.h"
 143              		.file 12 "Drivers/STM32F1xx_HAL_Driver/Inc/stm32f1xx_hal.h"
ARM GAS  C:\Users\robot1\AppData\Local\Temp\ccchxRW4.s 			page 6


DEFINED SYMBOLS
                            *ABS*:0000000000000000 gpio.c
C:\Users\robot1\AppData\Local\Temp\ccchxRW4.s:16     .text.MX_GPIO_Init:0000000000000000 $t
C:\Users\robot1\AppData\Local\Temp\ccchxRW4.s:24     .text.MX_GPIO_Init:0000000000000000 MX_GPIO_Init
C:\Users\robot1\AppData\Local\Temp\ccchxRW4.s:126    .text.MX_GPIO_Init:0000000000000070 $d

UNDEFINED SYMBOLS
HAL_GPIO_WritePin
HAL_GPIO_Init
