ARM GAS  C:\Users\robot1\AppData\Local\Temp\ccziIBM7.s 			page 1


   1              		.cpu cortex-m3
   2              		.eabi_attribute 20, 1
   3              		.eabi_attribute 21, 1
   4              		.eabi_attribute 23, 3
   5              		.eabi_attribute 24, 1
   6              		.eabi_attribute 25, 1
   7              		.eabi_attribute 26, 1
   8              		.eabi_attribute 30, 1
   9              		.eabi_attribute 34, 1
  10              		.eabi_attribute 18, 4
  11              		.file	"usbd_desc.c"
  12              		.text
  13              	.Ltext0:
  14              		.cfi_sections	.debug_frame
  15              		.section	.text.USBD_FS_DeviceDescriptor,"ax",%progbits
  16              		.align	1
  17              		.global	USBD_FS_DeviceDescriptor
  18              		.arch armv7-m
  19              		.syntax unified
  20              		.thumb
  21              		.thumb_func
  22              		.fpu softvfp
  24              	USBD_FS_DeviceDescriptor:
  25              	.LVL0:
  26              	.LFB66:
  27              		.file 1 "Src/usbd_desc.c"
   1:Src/usbd_desc.c **** /**
   2:Src/usbd_desc.c ****   ******************************************************************************
   3:Src/usbd_desc.c ****   * @file           : usbd_desc.c
   4:Src/usbd_desc.c ****   * @version        : v2.0_Cube
   5:Src/usbd_desc.c ****   * @brief          : This file implements the USB device descriptors.
   6:Src/usbd_desc.c ****   ******************************************************************************
   7:Src/usbd_desc.c ****   * This notice applies to any and all portions of this file
   8:Src/usbd_desc.c ****   * that are not between comment pairs USER CODE BEGIN and
   9:Src/usbd_desc.c ****   * USER CODE END. Other portions of this file, whether 
  10:Src/usbd_desc.c ****   * inserted by the user or by software development tools
  11:Src/usbd_desc.c ****   * are owned by their respective copyright owners.
  12:Src/usbd_desc.c ****   *
  13:Src/usbd_desc.c ****   * Copyright (c) 2019 STMicroelectronics International N.V. 
  14:Src/usbd_desc.c ****   * All rights reserved.
  15:Src/usbd_desc.c ****   *
  16:Src/usbd_desc.c ****   * Redistribution and use in source and binary forms, with or without 
  17:Src/usbd_desc.c ****   * modification, are permitted, provided that the following conditions are met:
  18:Src/usbd_desc.c ****   *
  19:Src/usbd_desc.c ****   * 1. Redistribution of source code must retain the above copyright notice, 
  20:Src/usbd_desc.c ****   *    this list of conditions and the following disclaimer.
  21:Src/usbd_desc.c ****   * 2. Redistributions in binary form must reproduce the above copyright notice,
  22:Src/usbd_desc.c ****   *    this list of conditions and the following disclaimer in the documentation
  23:Src/usbd_desc.c ****   *    and/or other materials provided with the distribution.
  24:Src/usbd_desc.c ****   * 3. Neither the name of STMicroelectronics nor the names of other 
  25:Src/usbd_desc.c ****   *    contributors to this software may be used to endorse or promote products 
  26:Src/usbd_desc.c ****   *    derived from this software without specific written permission.
  27:Src/usbd_desc.c ****   * 4. This software, including modifications and/or derivative works of this 
  28:Src/usbd_desc.c ****   *    software, must execute solely and exclusively on microcontroller or
  29:Src/usbd_desc.c ****   *    microprocessor devices manufactured by or for STMicroelectronics.
  30:Src/usbd_desc.c ****   * 5. Redistribution and use of this software other than as permitted under 
  31:Src/usbd_desc.c ****   *    this license is void and will automatically terminate your rights under 
ARM GAS  C:\Users\robot1\AppData\Local\Temp\ccziIBM7.s 			page 2


  32:Src/usbd_desc.c ****   *    this license. 
  33:Src/usbd_desc.c ****   *
  34:Src/usbd_desc.c ****   * THIS SOFTWARE IS PROVIDED BY STMICROELECTRONICS AND CONTRIBUTORS "AS IS" 
  35:Src/usbd_desc.c ****   * AND ANY EXPRESS, IMPLIED OR STATUTORY WARRANTIES, INCLUDING, BUT NOT 
  36:Src/usbd_desc.c ****   * LIMITED TO, THE IMPLIED WARRANTIES OF MERCHANTABILITY, FITNESS FOR A 
  37:Src/usbd_desc.c ****   * PARTICULAR PURPOSE AND NON-INFRINGEMENT OF THIRD PARTY INTELLECTUAL PROPERTY
  38:Src/usbd_desc.c ****   * RIGHTS ARE DISCLAIMED TO THE FULLEST EXTENT PERMITTED BY LAW. IN NO EVENT 
  39:Src/usbd_desc.c ****   * SHALL STMICROELECTRONICS OR CONTRIBUTORS BE LIABLE FOR ANY DIRECT, INDIRECT,
  40:Src/usbd_desc.c ****   * INCIDENTAL, SPECIAL, EXEMPLARY, OR CONSEQUENTIAL DAMAGES (INCLUDING, BUT NOT
  41:Src/usbd_desc.c ****   * LIMITED TO, PROCUREMENT OF SUBSTITUTE GOODS OR SERVICES; LOSS OF USE, DATA, 
  42:Src/usbd_desc.c ****   * OR PROFITS; OR BUSINESS INTERRUPTION) HOWEVER CAUSED AND ON ANY THEORY OF 
  43:Src/usbd_desc.c ****   * LIABILITY, WHETHER IN CONTRACT, STRICT LIABILITY, OR TORT (INCLUDING 
  44:Src/usbd_desc.c ****   * NEGLIGENCE OR OTHERWISE) ARISING IN ANY WAY OUT OF THE USE OF THIS SOFTWARE,
  45:Src/usbd_desc.c ****   * EVEN IF ADVISED OF THE POSSIBILITY OF SUCH DAMAGE.
  46:Src/usbd_desc.c ****   *
  47:Src/usbd_desc.c ****   ******************************************************************************
  48:Src/usbd_desc.c ****   */
  49:Src/usbd_desc.c **** 
  50:Src/usbd_desc.c **** /* Includes ------------------------------------------------------------------*/
  51:Src/usbd_desc.c **** #include "usbd_core.h"
  52:Src/usbd_desc.c **** #include "usbd_desc.h"
  53:Src/usbd_desc.c **** #include "usbd_conf.h"
  54:Src/usbd_desc.c **** 
  55:Src/usbd_desc.c **** /* USER CODE BEGIN INCLUDE */
  56:Src/usbd_desc.c **** 
  57:Src/usbd_desc.c **** /* USER CODE END INCLUDE */
  58:Src/usbd_desc.c **** 
  59:Src/usbd_desc.c **** /* Private typedef -----------------------------------------------------------*/
  60:Src/usbd_desc.c **** /* Private define ------------------------------------------------------------*/
  61:Src/usbd_desc.c **** /* Private macro -------------------------------------------------------------*/
  62:Src/usbd_desc.c **** 
  63:Src/usbd_desc.c **** /* USER CODE BEGIN PV */
  64:Src/usbd_desc.c **** /* Private variables ---------------------------------------------------------*/
  65:Src/usbd_desc.c **** 
  66:Src/usbd_desc.c **** /* USER CODE END PV */
  67:Src/usbd_desc.c **** 
  68:Src/usbd_desc.c **** /** @addtogroup STM32_USB_OTG_DEVICE_LIBRARY
  69:Src/usbd_desc.c ****   * @{
  70:Src/usbd_desc.c ****   */
  71:Src/usbd_desc.c **** 
  72:Src/usbd_desc.c **** /** @addtogroup USBD_DESC
  73:Src/usbd_desc.c ****   * @{
  74:Src/usbd_desc.c ****   */
  75:Src/usbd_desc.c **** 
  76:Src/usbd_desc.c **** /** @defgroup USBD_DESC_Private_TypesDefinitions USBD_DESC_Private_TypesDefinitions
  77:Src/usbd_desc.c ****   * @brief Private types.
  78:Src/usbd_desc.c ****   * @{
  79:Src/usbd_desc.c ****   */
  80:Src/usbd_desc.c **** 
  81:Src/usbd_desc.c **** /* USER CODE BEGIN PRIVATE_TYPES */
  82:Src/usbd_desc.c **** 
  83:Src/usbd_desc.c **** /* USER CODE END PRIVATE_TYPES */
  84:Src/usbd_desc.c **** 
  85:Src/usbd_desc.c **** /**
  86:Src/usbd_desc.c ****   * @}
  87:Src/usbd_desc.c ****   */
  88:Src/usbd_desc.c **** 
ARM GAS  C:\Users\robot1\AppData\Local\Temp\ccziIBM7.s 			page 3


  89:Src/usbd_desc.c **** /** @defgroup USBD_DESC_Private_Defines USBD_DESC_Private_Defines
  90:Src/usbd_desc.c ****   * @brief Private defines.
  91:Src/usbd_desc.c ****   * @{
  92:Src/usbd_desc.c ****   */
  93:Src/usbd_desc.c **** 
  94:Src/usbd_desc.c **** #define USBD_VID     1155
  95:Src/usbd_desc.c **** #define USBD_LANGID_STRING     1033
  96:Src/usbd_desc.c **** #define USBD_MANUFACTURER_STRING     "STMicroelectronics"
  97:Src/usbd_desc.c **** #define USBD_PID_FS     22336
  98:Src/usbd_desc.c **** #define USBD_PRODUCT_STRING_FS     "STM32 Virtual ComPort"
  99:Src/usbd_desc.c **** #define USBD_SERIALNUMBER_STRING_FS     "00000000001A"
 100:Src/usbd_desc.c **** #define USBD_CONFIGURATION_STRING_FS     "CDC Config"
 101:Src/usbd_desc.c **** #define USBD_INTERFACE_STRING_FS     "CDC Interface"
 102:Src/usbd_desc.c **** 
 103:Src/usbd_desc.c **** /* USER CODE BEGIN PRIVATE_DEFINES */
 104:Src/usbd_desc.c **** 
 105:Src/usbd_desc.c **** /* USER CODE END PRIVATE_DEFINES */
 106:Src/usbd_desc.c **** 
 107:Src/usbd_desc.c **** /**
 108:Src/usbd_desc.c ****   * @}
 109:Src/usbd_desc.c ****   */
 110:Src/usbd_desc.c **** 
 111:Src/usbd_desc.c **** /* USER CODE BEGIN 0 */
 112:Src/usbd_desc.c **** 
 113:Src/usbd_desc.c **** /* USER CODE END 0 */
 114:Src/usbd_desc.c **** 
 115:Src/usbd_desc.c **** /** @defgroup USBD_DESC_Private_Macros USBD_DESC_Private_Macros
 116:Src/usbd_desc.c ****   * @brief Private macros.
 117:Src/usbd_desc.c ****   * @{
 118:Src/usbd_desc.c ****   */
 119:Src/usbd_desc.c **** 
 120:Src/usbd_desc.c **** /* USER CODE BEGIN PRIVATE_MACRO */
 121:Src/usbd_desc.c **** 
 122:Src/usbd_desc.c **** /* USER CODE END PRIVATE_MACRO */
 123:Src/usbd_desc.c **** 
 124:Src/usbd_desc.c **** /**
 125:Src/usbd_desc.c ****   * @}
 126:Src/usbd_desc.c ****   */
 127:Src/usbd_desc.c **** 
 128:Src/usbd_desc.c **** /** @defgroup USBD_DESC_Private_FunctionPrototypes USBD_DESC_Private_FunctionPrototypes
 129:Src/usbd_desc.c ****   * @brief Private functions declaration.
 130:Src/usbd_desc.c ****   * @{
 131:Src/usbd_desc.c ****   */
 132:Src/usbd_desc.c **** 
 133:Src/usbd_desc.c **** uint8_t * USBD_FS_DeviceDescriptor(USBD_SpeedTypeDef speed, uint16_t *length);
 134:Src/usbd_desc.c **** uint8_t * USBD_FS_LangIDStrDescriptor(USBD_SpeedTypeDef speed, uint16_t *length);
 135:Src/usbd_desc.c **** uint8_t * USBD_FS_ManufacturerStrDescriptor(USBD_SpeedTypeDef speed, uint16_t *length);
 136:Src/usbd_desc.c **** uint8_t * USBD_FS_ProductStrDescriptor(USBD_SpeedTypeDef speed, uint16_t *length);
 137:Src/usbd_desc.c **** uint8_t * USBD_FS_SerialStrDescriptor(USBD_SpeedTypeDef speed, uint16_t *length);
 138:Src/usbd_desc.c **** uint8_t * USBD_FS_ConfigStrDescriptor(USBD_SpeedTypeDef speed, uint16_t *length);
 139:Src/usbd_desc.c **** uint8_t * USBD_FS_InterfaceStrDescriptor(USBD_SpeedTypeDef speed, uint16_t *length);
 140:Src/usbd_desc.c **** 
 141:Src/usbd_desc.c **** #ifdef USB_SUPPORT_USER_STRING_DESC
 142:Src/usbd_desc.c **** uint8_t * USBD_FS_USRStringDesc(USBD_SpeedTypeDef speed, uint8_t idx, uint16_t *length);
 143:Src/usbd_desc.c **** #endif /* USB_SUPPORT_USER_STRING_DESC */
 144:Src/usbd_desc.c **** 
 145:Src/usbd_desc.c **** /**
ARM GAS  C:\Users\robot1\AppData\Local\Temp\ccziIBM7.s 			page 4


 146:Src/usbd_desc.c ****   * @}
 147:Src/usbd_desc.c ****   */
 148:Src/usbd_desc.c **** 
 149:Src/usbd_desc.c **** /** @defgroup USBD_DESC_Private_Variables USBD_DESC_Private_Variables
 150:Src/usbd_desc.c ****   * @brief Private variables.
 151:Src/usbd_desc.c ****   * @{
 152:Src/usbd_desc.c ****   */
 153:Src/usbd_desc.c **** 
 154:Src/usbd_desc.c **** USBD_DescriptorsTypeDef FS_Desc =
 155:Src/usbd_desc.c **** {
 156:Src/usbd_desc.c ****   USBD_FS_DeviceDescriptor
 157:Src/usbd_desc.c **** , USBD_FS_LangIDStrDescriptor
 158:Src/usbd_desc.c **** , USBD_FS_ManufacturerStrDescriptor
 159:Src/usbd_desc.c **** , USBD_FS_ProductStrDescriptor
 160:Src/usbd_desc.c **** , USBD_FS_SerialStrDescriptor
 161:Src/usbd_desc.c **** , USBD_FS_ConfigStrDescriptor
 162:Src/usbd_desc.c **** , USBD_FS_InterfaceStrDescriptor
 163:Src/usbd_desc.c **** };
 164:Src/usbd_desc.c **** 
 165:Src/usbd_desc.c **** #if defined ( __ICCARM__ ) /* IAR Compiler */
 166:Src/usbd_desc.c ****   #pragma data_alignment=4
 167:Src/usbd_desc.c **** #endif /* defined ( __ICCARM__ ) */
 168:Src/usbd_desc.c **** /** USB standard device descriptor. */
 169:Src/usbd_desc.c **** __ALIGN_BEGIN uint8_t USBD_FS_DeviceDesc[USB_LEN_DEV_DESC] __ALIGN_END =
 170:Src/usbd_desc.c **** {
 171:Src/usbd_desc.c ****   0x12,                       /*bLength */
 172:Src/usbd_desc.c ****   USB_DESC_TYPE_DEVICE,       /*bDescriptorType*/
 173:Src/usbd_desc.c ****   0x00,                       /*bcdUSB */
 174:Src/usbd_desc.c ****   0x02,
 175:Src/usbd_desc.c ****   0x02,                       /*bDeviceClass*/
 176:Src/usbd_desc.c ****   0x02,                       /*bDeviceSubClass*/
 177:Src/usbd_desc.c ****   0x00,                       /*bDeviceProtocol*/
 178:Src/usbd_desc.c ****   USB_MAX_EP0_SIZE,           /*bMaxPacketSize*/
 179:Src/usbd_desc.c ****   LOBYTE(USBD_VID),           /*idVendor*/
 180:Src/usbd_desc.c ****   HIBYTE(USBD_VID),           /*idVendor*/
 181:Src/usbd_desc.c ****   LOBYTE(USBD_PID_FS),        /*idProduct*/
 182:Src/usbd_desc.c ****   HIBYTE(USBD_PID_FS),        /*idProduct*/
 183:Src/usbd_desc.c ****   0x00,                       /*bcdDevice rel. 2.00*/
 184:Src/usbd_desc.c ****   0x02,
 185:Src/usbd_desc.c ****   USBD_IDX_MFC_STR,           /*Index of manufacturer  string*/
 186:Src/usbd_desc.c ****   USBD_IDX_PRODUCT_STR,       /*Index of product string*/
 187:Src/usbd_desc.c ****   USBD_IDX_SERIAL_STR,        /*Index of serial number string*/
 188:Src/usbd_desc.c ****   USBD_MAX_NUM_CONFIGURATION  /*bNumConfigurations*/
 189:Src/usbd_desc.c **** };
 190:Src/usbd_desc.c **** 
 191:Src/usbd_desc.c **** /* USB_DeviceDescriptor */
 192:Src/usbd_desc.c **** 
 193:Src/usbd_desc.c **** /**
 194:Src/usbd_desc.c ****   * @}
 195:Src/usbd_desc.c ****   */
 196:Src/usbd_desc.c **** 
 197:Src/usbd_desc.c **** /** @defgroup USBD_DESC_Private_Variables USBD_DESC_Private_Variables
 198:Src/usbd_desc.c ****   * @brief Private variables.
 199:Src/usbd_desc.c ****   * @{
 200:Src/usbd_desc.c ****   */
 201:Src/usbd_desc.c **** 
 202:Src/usbd_desc.c **** #if defined ( __ICCARM__ ) /* IAR Compiler */
ARM GAS  C:\Users\robot1\AppData\Local\Temp\ccziIBM7.s 			page 5


 203:Src/usbd_desc.c ****   #pragma data_alignment=4
 204:Src/usbd_desc.c **** #endif /* defined ( __ICCARM__ ) */
 205:Src/usbd_desc.c **** 
 206:Src/usbd_desc.c **** /** USB lang indentifier descriptor. */
 207:Src/usbd_desc.c **** __ALIGN_BEGIN uint8_t USBD_LangIDDesc[USB_LEN_LANGID_STR_DESC] __ALIGN_END =
 208:Src/usbd_desc.c **** {
 209:Src/usbd_desc.c ****      USB_LEN_LANGID_STR_DESC,
 210:Src/usbd_desc.c ****      USB_DESC_TYPE_STRING,
 211:Src/usbd_desc.c ****      LOBYTE(USBD_LANGID_STRING),
 212:Src/usbd_desc.c ****      HIBYTE(USBD_LANGID_STRING)
 213:Src/usbd_desc.c **** };
 214:Src/usbd_desc.c **** 
 215:Src/usbd_desc.c **** #if defined ( __ICCARM__ ) /* IAR Compiler */
 216:Src/usbd_desc.c ****   #pragma data_alignment=4
 217:Src/usbd_desc.c **** #endif /* defined ( __ICCARM__ ) */
 218:Src/usbd_desc.c **** /* Internal string descriptor. */
 219:Src/usbd_desc.c **** __ALIGN_BEGIN uint8_t USBD_StrDesc[USBD_MAX_STR_DESC_SIZ] __ALIGN_END;
 220:Src/usbd_desc.c **** 
 221:Src/usbd_desc.c **** /**
 222:Src/usbd_desc.c ****   * @}
 223:Src/usbd_desc.c ****   */
 224:Src/usbd_desc.c **** 
 225:Src/usbd_desc.c **** /** @defgroup USBD_DESC_Private_Functions USBD_DESC_Private_Functions
 226:Src/usbd_desc.c ****   * @brief Private functions.
 227:Src/usbd_desc.c ****   * @{
 228:Src/usbd_desc.c ****   */
 229:Src/usbd_desc.c **** 
 230:Src/usbd_desc.c **** /**
 231:Src/usbd_desc.c ****   * @brief  Return the device descriptor
 232:Src/usbd_desc.c ****   * @param  speed : Current device speed
 233:Src/usbd_desc.c ****   * @param  length : Pointer to data length variable
 234:Src/usbd_desc.c ****   * @retval Pointer to descriptor buffer
 235:Src/usbd_desc.c ****   */
 236:Src/usbd_desc.c **** uint8_t * USBD_FS_DeviceDescriptor(USBD_SpeedTypeDef speed, uint16_t *length)
 237:Src/usbd_desc.c **** {
  28              		.loc 1 237 1 view -0
  29              		.cfi_startproc
  30              		@ args = 0, pretend = 0, frame = 0
  31              		@ frame_needed = 0, uses_anonymous_args = 0
  32              		@ link register save eliminated.
 238:Src/usbd_desc.c ****   *length = sizeof(USBD_FS_DeviceDesc);
  33              		.loc 1 238 3 view .LVU1
  34              		.loc 1 238 11 is_stmt 0 view .LVU2
  35 0000 1223     		movs	r3, #18
  36 0002 0B80     		strh	r3, [r1]	@ movhi
 239:Src/usbd_desc.c ****   return USBD_FS_DeviceDesc;
  37              		.loc 1 239 3 is_stmt 1 view .LVU3
 240:Src/usbd_desc.c **** }
  38              		.loc 1 240 1 is_stmt 0 view .LVU4
  39 0004 0048     		ldr	r0, .L2
  40              	.LVL1:
  41              		.loc 1 240 1 view .LVU5
  42 0006 7047     		bx	lr
  43              	.L3:
  44              		.align	2
  45              	.L2:
  46 0008 00000000 		.word	.LANCHOR0
ARM GAS  C:\Users\robot1\AppData\Local\Temp\ccziIBM7.s 			page 6


  47              		.cfi_endproc
  48              	.LFE66:
  50              		.section	.text.USBD_FS_LangIDStrDescriptor,"ax",%progbits
  51              		.align	1
  52              		.global	USBD_FS_LangIDStrDescriptor
  53              		.syntax unified
  54              		.thumb
  55              		.thumb_func
  56              		.fpu softvfp
  58              	USBD_FS_LangIDStrDescriptor:
  59              	.LVL2:
  60              	.LFB67:
 241:Src/usbd_desc.c **** 
 242:Src/usbd_desc.c **** /**
 243:Src/usbd_desc.c ****   * @brief  Return the LangID string descriptor
 244:Src/usbd_desc.c ****   * @param  speed : Current device speed
 245:Src/usbd_desc.c ****   * @param  length : Pointer to data length variable
 246:Src/usbd_desc.c ****   * @retval Pointer to descriptor buffer
 247:Src/usbd_desc.c ****   */
 248:Src/usbd_desc.c **** uint8_t * USBD_FS_LangIDStrDescriptor(USBD_SpeedTypeDef speed, uint16_t *length)
 249:Src/usbd_desc.c **** {
  61              		.loc 1 249 1 is_stmt 1 view -0
  62              		.cfi_startproc
  63              		@ args = 0, pretend = 0, frame = 0
  64              		@ frame_needed = 0, uses_anonymous_args = 0
  65              		@ link register save eliminated.
 250:Src/usbd_desc.c ****   *length = sizeof(USBD_LangIDDesc);
  66              		.loc 1 250 3 view .LVU7
  67              		.loc 1 250 11 is_stmt 0 view .LVU8
  68 0000 0423     		movs	r3, #4
  69 0002 0B80     		strh	r3, [r1]	@ movhi
 251:Src/usbd_desc.c ****   return USBD_LangIDDesc;
  70              		.loc 1 251 3 is_stmt 1 view .LVU9
 252:Src/usbd_desc.c **** }
  71              		.loc 1 252 1 is_stmt 0 view .LVU10
  72 0004 0048     		ldr	r0, .L5
  73              	.LVL3:
  74              		.loc 1 252 1 view .LVU11
  75 0006 7047     		bx	lr
  76              	.L6:
  77              		.align	2
  78              	.L5:
  79 0008 00000000 		.word	.LANCHOR1
  80              		.cfi_endproc
  81              	.LFE67:
  83              		.section	.text.USBD_FS_ProductStrDescriptor,"ax",%progbits
  84              		.align	1
  85              		.global	USBD_FS_ProductStrDescriptor
  86              		.syntax unified
  87              		.thumb
  88              		.thumb_func
  89              		.fpu softvfp
  91              	USBD_FS_ProductStrDescriptor:
  92              	.LVL4:
  93              	.LFB68:
 253:Src/usbd_desc.c **** 
 254:Src/usbd_desc.c **** /**
ARM GAS  C:\Users\robot1\AppData\Local\Temp\ccziIBM7.s 			page 7


 255:Src/usbd_desc.c ****   * @brief  Return the product string descriptor
 256:Src/usbd_desc.c ****   * @param  speed : Current device speed
 257:Src/usbd_desc.c ****   * @param  length : Pointer to data length variable
 258:Src/usbd_desc.c ****   * @retval Pointer to descriptor buffer
 259:Src/usbd_desc.c ****   */
 260:Src/usbd_desc.c **** uint8_t * USBD_FS_ProductStrDescriptor(USBD_SpeedTypeDef speed, uint16_t *length)
 261:Src/usbd_desc.c **** {
  94              		.loc 1 261 1 is_stmt 1 view -0
  95              		.cfi_startproc
  96              		@ args = 0, pretend = 0, frame = 0
  97              		@ frame_needed = 0, uses_anonymous_args = 0
  98              		.loc 1 261 1 is_stmt 0 view .LVU13
  99 0000 08B5     		push	{r3, lr}
 100              	.LCFI0:
 101              		.cfi_def_cfa_offset 8
 102              		.cfi_offset 3, -8
 103              		.cfi_offset 14, -4
 104 0002 0A46     		mov	r2, r1
 262:Src/usbd_desc.c ****   if(speed == 0)
 105              		.loc 1 262 3 is_stmt 1 view .LVU14
 106              		.loc 1 262 5 is_stmt 0 view .LVU15
 107 0004 28B9     		cbnz	r0, .L8
 263:Src/usbd_desc.c ****   {
 264:Src/usbd_desc.c ****     USBD_GetString((uint8_t *)USBD_PRODUCT_STRING_FS, USBD_StrDesc, length);
 108              		.loc 1 264 5 is_stmt 1 view .LVU16
 109 0006 0549     		ldr	r1, .L11
 110              	.LVL5:
 111              		.loc 1 264 5 is_stmt 0 view .LVU17
 112 0008 0548     		ldr	r0, .L11+4
 113              	.LVL6:
 114              		.loc 1 264 5 view .LVU18
 115 000a FFF7FEFF 		bl	USBD_GetString
 116              	.LVL7:
 117              	.L9:
 265:Src/usbd_desc.c ****   }
 266:Src/usbd_desc.c ****   else
 267:Src/usbd_desc.c ****   {
 268:Src/usbd_desc.c ****     USBD_GetString((uint8_t *)USBD_PRODUCT_STRING_FS, USBD_StrDesc, length);
 269:Src/usbd_desc.c ****   }
 270:Src/usbd_desc.c ****   return USBD_StrDesc;
 118              		.loc 1 270 3 is_stmt 1 view .LVU19
 271:Src/usbd_desc.c **** }
 119              		.loc 1 271 1 is_stmt 0 view .LVU20
 120 000e 0348     		ldr	r0, .L11
 121 0010 08BD     		pop	{r3, pc}
 122              	.LVL8:
 123              	.L8:
 268:Src/usbd_desc.c ****   }
 124              		.loc 1 268 5 is_stmt 1 view .LVU21
 125 0012 0249     		ldr	r1, .L11
 126              	.LVL9:
 268:Src/usbd_desc.c ****   }
 127              		.loc 1 268 5 is_stmt 0 view .LVU22
 128 0014 0248     		ldr	r0, .L11+4
 129              	.LVL10:
 268:Src/usbd_desc.c ****   }
 130              		.loc 1 268 5 view .LVU23
ARM GAS  C:\Users\robot1\AppData\Local\Temp\ccziIBM7.s 			page 8


 131 0016 FFF7FEFF 		bl	USBD_GetString
 132              	.LVL11:
 268:Src/usbd_desc.c ****   }
 133              		.loc 1 268 5 view .LVU24
 134 001a F8E7     		b	.L9
 135              	.L12:
 136              		.align	2
 137              	.L11:
 138 001c 00000000 		.word	USBD_StrDesc
 139 0020 00000000 		.word	.LC0
 140              		.cfi_endproc
 141              	.LFE68:
 143              		.section	.text.USBD_FS_ManufacturerStrDescriptor,"ax",%progbits
 144              		.align	1
 145              		.global	USBD_FS_ManufacturerStrDescriptor
 146              		.syntax unified
 147              		.thumb
 148              		.thumb_func
 149              		.fpu softvfp
 151              	USBD_FS_ManufacturerStrDescriptor:
 152              	.LVL12:
 153              	.LFB69:
 272:Src/usbd_desc.c **** 
 273:Src/usbd_desc.c **** /**
 274:Src/usbd_desc.c ****   * @brief  Return the manufacturer string descriptor
 275:Src/usbd_desc.c ****   * @param  speed : Current device speed
 276:Src/usbd_desc.c ****   * @param  length : Pointer to data length variable
 277:Src/usbd_desc.c ****   * @retval Pointer to descriptor buffer
 278:Src/usbd_desc.c ****   */
 279:Src/usbd_desc.c **** uint8_t * USBD_FS_ManufacturerStrDescriptor(USBD_SpeedTypeDef speed, uint16_t *length)
 280:Src/usbd_desc.c **** {
 154              		.loc 1 280 1 is_stmt 1 view -0
 155              		.cfi_startproc
 156              		@ args = 0, pretend = 0, frame = 0
 157              		@ frame_needed = 0, uses_anonymous_args = 0
 158              		.loc 1 280 1 is_stmt 0 view .LVU26
 159 0000 10B5     		push	{r4, lr}
 160              	.LCFI1:
 161              		.cfi_def_cfa_offset 8
 162              		.cfi_offset 4, -8
 163              		.cfi_offset 14, -4
 281:Src/usbd_desc.c ****   USBD_GetString((uint8_t *)USBD_MANUFACTURER_STRING, USBD_StrDesc, length);
 164              		.loc 1 281 3 is_stmt 1 view .LVU27
 165 0002 044C     		ldr	r4, .L15
 166 0004 0A46     		mov	r2, r1
 167 0006 2146     		mov	r1, r4
 168              	.LVL13:
 169              		.loc 1 281 3 is_stmt 0 view .LVU28
 170 0008 0348     		ldr	r0, .L15+4
 171              	.LVL14:
 172              		.loc 1 281 3 view .LVU29
 173 000a FFF7FEFF 		bl	USBD_GetString
 174              	.LVL15:
 282:Src/usbd_desc.c ****   return USBD_StrDesc;
 175              		.loc 1 282 3 is_stmt 1 view .LVU30
 283:Src/usbd_desc.c **** }
 176              		.loc 1 283 1 is_stmt 0 view .LVU31
ARM GAS  C:\Users\robot1\AppData\Local\Temp\ccziIBM7.s 			page 9


 177 000e 2046     		mov	r0, r4
 178 0010 10BD     		pop	{r4, pc}
 179              	.L16:
 180 0012 00BF     		.align	2
 181              	.L15:
 182 0014 00000000 		.word	USBD_StrDesc
 183 0018 00000000 		.word	.LC1
 184              		.cfi_endproc
 185              	.LFE69:
 187              		.section	.text.USBD_FS_SerialStrDescriptor,"ax",%progbits
 188              		.align	1
 189              		.global	USBD_FS_SerialStrDescriptor
 190              		.syntax unified
 191              		.thumb
 192              		.thumb_func
 193              		.fpu softvfp
 195              	USBD_FS_SerialStrDescriptor:
 196              	.LVL16:
 197              	.LFB70:
 284:Src/usbd_desc.c **** 
 285:Src/usbd_desc.c **** /**
 286:Src/usbd_desc.c ****   * @brief  Return the serial number string descriptor
 287:Src/usbd_desc.c ****   * @param  speed : Current device speed
 288:Src/usbd_desc.c ****   * @param  length : Pointer to data length variable
 289:Src/usbd_desc.c ****   * @retval Pointer to descriptor buffer
 290:Src/usbd_desc.c ****   */
 291:Src/usbd_desc.c **** uint8_t * USBD_FS_SerialStrDescriptor(USBD_SpeedTypeDef speed, uint16_t *length)
 292:Src/usbd_desc.c **** {
 198              		.loc 1 292 1 is_stmt 1 view -0
 199              		.cfi_startproc
 200              		@ args = 0, pretend = 0, frame = 0
 201              		@ frame_needed = 0, uses_anonymous_args = 0
 202              		.loc 1 292 1 is_stmt 0 view .LVU33
 203 0000 08B5     		push	{r3, lr}
 204              	.LCFI2:
 205              		.cfi_def_cfa_offset 8
 206              		.cfi_offset 3, -8
 207              		.cfi_offset 14, -4
 208 0002 0A46     		mov	r2, r1
 293:Src/usbd_desc.c ****   if(speed == USBD_SPEED_HIGH)
 209              		.loc 1 293 3 is_stmt 1 view .LVU34
 210              		.loc 1 293 5 is_stmt 0 view .LVU35
 211 0004 28B9     		cbnz	r0, .L18
 294:Src/usbd_desc.c ****   {
 295:Src/usbd_desc.c ****     USBD_GetString((uint8_t *)USBD_SERIALNUMBER_STRING_FS, USBD_StrDesc, length);
 212              		.loc 1 295 5 is_stmt 1 view .LVU36
 213 0006 0549     		ldr	r1, .L21
 214              	.LVL17:
 215              		.loc 1 295 5 is_stmt 0 view .LVU37
 216 0008 0548     		ldr	r0, .L21+4
 217              	.LVL18:
 218              		.loc 1 295 5 view .LVU38
 219 000a FFF7FEFF 		bl	USBD_GetString
 220              	.LVL19:
 221              	.L19:
 296:Src/usbd_desc.c ****   }
 297:Src/usbd_desc.c ****   else
ARM GAS  C:\Users\robot1\AppData\Local\Temp\ccziIBM7.s 			page 10


 298:Src/usbd_desc.c ****   {
 299:Src/usbd_desc.c ****     USBD_GetString((uint8_t *)USBD_SERIALNUMBER_STRING_FS, USBD_StrDesc, length);
 300:Src/usbd_desc.c ****   }
 301:Src/usbd_desc.c ****   return USBD_StrDesc;
 222              		.loc 1 301 3 is_stmt 1 view .LVU39
 302:Src/usbd_desc.c **** }
 223              		.loc 1 302 1 is_stmt 0 view .LVU40
 224 000e 0348     		ldr	r0, .L21
 225 0010 08BD     		pop	{r3, pc}
 226              	.LVL20:
 227              	.L18:
 299:Src/usbd_desc.c ****   }
 228              		.loc 1 299 5 is_stmt 1 view .LVU41
 229 0012 0249     		ldr	r1, .L21
 230              	.LVL21:
 299:Src/usbd_desc.c ****   }
 231              		.loc 1 299 5 is_stmt 0 view .LVU42
 232 0014 0248     		ldr	r0, .L21+4
 233              	.LVL22:
 299:Src/usbd_desc.c ****   }
 234              		.loc 1 299 5 view .LVU43
 235 0016 FFF7FEFF 		bl	USBD_GetString
 236              	.LVL23:
 299:Src/usbd_desc.c ****   }
 237              		.loc 1 299 5 view .LVU44
 238 001a F8E7     		b	.L19
 239              	.L22:
 240              		.align	2
 241              	.L21:
 242 001c 00000000 		.word	USBD_StrDesc
 243 0020 00000000 		.word	.LC2
 244              		.cfi_endproc
 245              	.LFE70:
 247              		.section	.text.USBD_FS_ConfigStrDescriptor,"ax",%progbits
 248              		.align	1
 249              		.global	USBD_FS_ConfigStrDescriptor
 250              		.syntax unified
 251              		.thumb
 252              		.thumb_func
 253              		.fpu softvfp
 255              	USBD_FS_ConfigStrDescriptor:
 256              	.LVL24:
 257              	.LFB71:
 303:Src/usbd_desc.c **** 
 304:Src/usbd_desc.c **** /**
 305:Src/usbd_desc.c ****   * @brief  Return the configuration string descriptor
 306:Src/usbd_desc.c ****   * @param  speed : Current device speed
 307:Src/usbd_desc.c ****   * @param  length : Pointer to data length variable
 308:Src/usbd_desc.c ****   * @retval Pointer to descriptor buffer
 309:Src/usbd_desc.c ****   */
 310:Src/usbd_desc.c **** uint8_t * USBD_FS_ConfigStrDescriptor(USBD_SpeedTypeDef speed, uint16_t *length)
 311:Src/usbd_desc.c **** {
 258              		.loc 1 311 1 is_stmt 1 view -0
 259              		.cfi_startproc
 260              		@ args = 0, pretend = 0, frame = 0
 261              		@ frame_needed = 0, uses_anonymous_args = 0
 262              		.loc 1 311 1 is_stmt 0 view .LVU46
ARM GAS  C:\Users\robot1\AppData\Local\Temp\ccziIBM7.s 			page 11


 263 0000 08B5     		push	{r3, lr}
 264              	.LCFI3:
 265              		.cfi_def_cfa_offset 8
 266              		.cfi_offset 3, -8
 267              		.cfi_offset 14, -4
 268 0002 0A46     		mov	r2, r1
 312:Src/usbd_desc.c ****   if(speed == USBD_SPEED_HIGH)
 269              		.loc 1 312 3 is_stmt 1 view .LVU47
 270              		.loc 1 312 5 is_stmt 0 view .LVU48
 271 0004 28B9     		cbnz	r0, .L24
 313:Src/usbd_desc.c ****   {
 314:Src/usbd_desc.c ****     USBD_GetString((uint8_t *)USBD_CONFIGURATION_STRING_FS, USBD_StrDesc, length);
 272              		.loc 1 314 5 is_stmt 1 view .LVU49
 273 0006 0549     		ldr	r1, .L27
 274              	.LVL25:
 275              		.loc 1 314 5 is_stmt 0 view .LVU50
 276 0008 0548     		ldr	r0, .L27+4
 277              	.LVL26:
 278              		.loc 1 314 5 view .LVU51
 279 000a FFF7FEFF 		bl	USBD_GetString
 280              	.LVL27:
 281              	.L25:
 315:Src/usbd_desc.c ****   }
 316:Src/usbd_desc.c ****   else
 317:Src/usbd_desc.c ****   {
 318:Src/usbd_desc.c ****     USBD_GetString((uint8_t *)USBD_CONFIGURATION_STRING_FS, USBD_StrDesc, length);
 319:Src/usbd_desc.c ****   }
 320:Src/usbd_desc.c ****   return USBD_StrDesc;
 282              		.loc 1 320 3 is_stmt 1 view .LVU52
 321:Src/usbd_desc.c **** }
 283              		.loc 1 321 1 is_stmt 0 view .LVU53
 284 000e 0348     		ldr	r0, .L27
 285 0010 08BD     		pop	{r3, pc}
 286              	.LVL28:
 287              	.L24:
 318:Src/usbd_desc.c ****   }
 288              		.loc 1 318 5 is_stmt 1 view .LVU54
 289 0012 0249     		ldr	r1, .L27
 290              	.LVL29:
 318:Src/usbd_desc.c ****   }
 291              		.loc 1 318 5 is_stmt 0 view .LVU55
 292 0014 0248     		ldr	r0, .L27+4
 293              	.LVL30:
 318:Src/usbd_desc.c ****   }
 294              		.loc 1 318 5 view .LVU56
 295 0016 FFF7FEFF 		bl	USBD_GetString
 296              	.LVL31:
 318:Src/usbd_desc.c ****   }
 297              		.loc 1 318 5 view .LVU57
 298 001a F8E7     		b	.L25
 299              	.L28:
 300              		.align	2
 301              	.L27:
 302 001c 00000000 		.word	USBD_StrDesc
 303 0020 00000000 		.word	.LC3
 304              		.cfi_endproc
 305              	.LFE71:
ARM GAS  C:\Users\robot1\AppData\Local\Temp\ccziIBM7.s 			page 12


 307              		.section	.text.USBD_FS_InterfaceStrDescriptor,"ax",%progbits
 308              		.align	1
 309              		.global	USBD_FS_InterfaceStrDescriptor
 310              		.syntax unified
 311              		.thumb
 312              		.thumb_func
 313              		.fpu softvfp
 315              	USBD_FS_InterfaceStrDescriptor:
 316              	.LVL32:
 317              	.LFB72:
 322:Src/usbd_desc.c **** 
 323:Src/usbd_desc.c **** /**
 324:Src/usbd_desc.c ****   * @brief  Return the interface string descriptor
 325:Src/usbd_desc.c ****   * @param  speed : Current device speed
 326:Src/usbd_desc.c ****   * @param  length : Pointer to data length variable
 327:Src/usbd_desc.c ****   * @retval Pointer to descriptor buffer
 328:Src/usbd_desc.c ****   */
 329:Src/usbd_desc.c **** uint8_t * USBD_FS_InterfaceStrDescriptor(USBD_SpeedTypeDef speed, uint16_t *length)
 330:Src/usbd_desc.c **** {
 318              		.loc 1 330 1 is_stmt 1 view -0
 319              		.cfi_startproc
 320              		@ args = 0, pretend = 0, frame = 0
 321              		@ frame_needed = 0, uses_anonymous_args = 0
 322              		.loc 1 330 1 is_stmt 0 view .LVU59
 323 0000 08B5     		push	{r3, lr}
 324              	.LCFI4:
 325              		.cfi_def_cfa_offset 8
 326              		.cfi_offset 3, -8
 327              		.cfi_offset 14, -4
 328 0002 0A46     		mov	r2, r1
 331:Src/usbd_desc.c ****   if(speed == 0)
 329              		.loc 1 331 3 is_stmt 1 view .LVU60
 330              		.loc 1 331 5 is_stmt 0 view .LVU61
 331 0004 28B9     		cbnz	r0, .L30
 332:Src/usbd_desc.c ****   {
 333:Src/usbd_desc.c ****     USBD_GetString((uint8_t *)USBD_INTERFACE_STRING_FS, USBD_StrDesc, length);
 332              		.loc 1 333 5 is_stmt 1 view .LVU62
 333 0006 0549     		ldr	r1, .L33
 334              	.LVL33:
 335              		.loc 1 333 5 is_stmt 0 view .LVU63
 336 0008 0548     		ldr	r0, .L33+4
 337              	.LVL34:
 338              		.loc 1 333 5 view .LVU64
 339 000a FFF7FEFF 		bl	USBD_GetString
 340              	.LVL35:
 341              	.L31:
 334:Src/usbd_desc.c ****   }
 335:Src/usbd_desc.c ****   else
 336:Src/usbd_desc.c ****   {
 337:Src/usbd_desc.c ****     USBD_GetString((uint8_t *)USBD_INTERFACE_STRING_FS, USBD_StrDesc, length);
 338:Src/usbd_desc.c ****   }
 339:Src/usbd_desc.c ****   return USBD_StrDesc;
 342              		.loc 1 339 3 is_stmt 1 view .LVU65
 340:Src/usbd_desc.c **** }
 343              		.loc 1 340 1 is_stmt 0 view .LVU66
 344 000e 0348     		ldr	r0, .L33
 345 0010 08BD     		pop	{r3, pc}
ARM GAS  C:\Users\robot1\AppData\Local\Temp\ccziIBM7.s 			page 13


 346              	.LVL36:
 347              	.L30:
 337:Src/usbd_desc.c ****   }
 348              		.loc 1 337 5 is_stmt 1 view .LVU67
 349 0012 0249     		ldr	r1, .L33
 350              	.LVL37:
 337:Src/usbd_desc.c ****   }
 351              		.loc 1 337 5 is_stmt 0 view .LVU68
 352 0014 0248     		ldr	r0, .L33+4
 353              	.LVL38:
 337:Src/usbd_desc.c ****   }
 354              		.loc 1 337 5 view .LVU69
 355 0016 FFF7FEFF 		bl	USBD_GetString
 356              	.LVL39:
 337:Src/usbd_desc.c ****   }
 357              		.loc 1 337 5 view .LVU70
 358 001a F8E7     		b	.L31
 359              	.L34:
 360              		.align	2
 361              	.L33:
 362 001c 00000000 		.word	USBD_StrDesc
 363 0020 00000000 		.word	.LC4
 364              		.cfi_endproc
 365              	.LFE72:
 367              		.comm	USBD_StrDesc,512,4
 368              		.global	USBD_LangIDDesc
 369              		.global	USBD_FS_DeviceDesc
 370              		.global	FS_Desc
 371              		.section	.data.FS_Desc,"aw"
 372              		.align	2
 375              	FS_Desc:
 376 0000 00000000 		.word	USBD_FS_DeviceDescriptor
 377 0004 00000000 		.word	USBD_FS_LangIDStrDescriptor
 378 0008 00000000 		.word	USBD_FS_ManufacturerStrDescriptor
 379 000c 00000000 		.word	USBD_FS_ProductStrDescriptor
 380 0010 00000000 		.word	USBD_FS_SerialStrDescriptor
 381 0014 00000000 		.word	USBD_FS_ConfigStrDescriptor
 382 0018 00000000 		.word	USBD_FS_InterfaceStrDescriptor
 383              		.section	.data.USBD_FS_DeviceDesc,"aw"
 384              		.align	2
 385              		.set	.LANCHOR0,. + 0
 388              	USBD_FS_DeviceDesc:
 389 0000 12       		.byte	18
 390 0001 01       		.byte	1
 391 0002 00       		.byte	0
 392 0003 02       		.byte	2
 393 0004 02       		.byte	2
 394 0005 02       		.byte	2
 395 0006 00       		.byte	0
 396 0007 40       		.byte	64
 397 0008 83       		.byte	-125
 398 0009 04       		.byte	4
 399 000a 40       		.byte	64
 400 000b 57       		.byte	87
 401 000c 00       		.byte	0
 402 000d 02       		.byte	2
 403 000e 01       		.byte	1
ARM GAS  C:\Users\robot1\AppData\Local\Temp\ccziIBM7.s 			page 14


 404 000f 02       		.byte	2
 405 0010 03       		.byte	3
 406 0011 01       		.byte	1
 407              		.section	.data.USBD_LangIDDesc,"aw"
 408              		.align	2
 409              		.set	.LANCHOR1,. + 0
 412              	USBD_LangIDDesc:
 413 0000 04       		.byte	4
 414 0001 03       		.byte	3
 415 0002 09       		.byte	9
 416 0003 04       		.byte	4
 417              		.section	.rodata.USBD_FS_ConfigStrDescriptor.str1.4,"aMS",%progbits,1
 418              		.align	2
 419              	.LC3:
 420 0000 43444320 		.ascii	"CDC Config\000"
 420      436F6E66 
 420      696700
 421              		.section	.rodata.USBD_FS_InterfaceStrDescriptor.str1.4,"aMS",%progbits,1
 422              		.align	2
 423              	.LC4:
 424 0000 43444320 		.ascii	"CDC Interface\000"
 424      496E7465 
 424      72666163 
 424      6500
 425              		.section	.rodata.USBD_FS_ManufacturerStrDescriptor.str1.4,"aMS",%progbits,1
 426              		.align	2
 427              	.LC1:
 428 0000 53544D69 		.ascii	"STMicroelectronics\000"
 428      63726F65 
 428      6C656374 
 428      726F6E69 
 428      637300
 429              		.section	.rodata.USBD_FS_ProductStrDescriptor.str1.4,"aMS",%progbits,1
 430              		.align	2
 431              	.LC0:
 432 0000 53544D33 		.ascii	"STM32 Virtual ComPort\000"
 432      32205669 
 432      72747561 
 432      6C20436F 
 432      6D506F72 
 433              		.section	.rodata.USBD_FS_SerialStrDescriptor.str1.4,"aMS",%progbits,1
 434              		.align	2
 435              	.LC2:
 436 0000 30303030 		.ascii	"00000000001A\000"
 436      30303030 
 436      30303141 
 436      00
 437              		.text
 438              	.Letext0:
 439              		.file 2 "f:\\gnu mcu eclipse\\arm embedded gcc\\8.2.1-1.7-20190524-0603\\arm-none-eabi\\include\\m
 440              		.file 3 "f:\\gnu mcu eclipse\\arm embedded gcc\\8.2.1-1.7-20190524-0603\\arm-none-eabi\\include\\s
 441              		.file 4 "f:\\gnu mcu eclipse\\arm embedded gcc\\8.2.1-1.7-20190524-0603\\arm-none-eabi\\include\\s
 442              		.file 5 "f:\\gnu mcu eclipse\\arm embedded gcc\\8.2.1-1.7-20190524-0603\\lib\\gcc\\arm-none-eabi\\
 443              		.file 6 "f:\\gnu mcu eclipse\\arm embedded gcc\\8.2.1-1.7-20190524-0603\\arm-none-eabi\\include\\s
 444              		.file 7 "f:\\gnu mcu eclipse\\arm embedded gcc\\8.2.1-1.7-20190524-0603\\arm-none-eabi\\include\\s
 445              		.file 8 "f:\\gnu mcu eclipse\\arm embedded gcc\\8.2.1-1.7-20190524-0603\\arm-none-eabi\\include\\s
 446              		.file 9 "Drivers/CMSIS/Include/core_cm3.h"
ARM GAS  C:\Users\robot1\AppData\Local\Temp\ccziIBM7.s 			page 15


 447              		.file 10 "Drivers/CMSIS/Device/ST/STM32F1xx/Include/system_stm32f1xx.h"
 448              		.file 11 "Drivers/STM32F1xx_HAL_Driver/Inc/stm32f1xx_hal.h"
 449              		.file 12 "Middlewares/ST/STM32_USB_Device_Library/Core/Inc/usbd_def.h"
 450              		.file 13 "Inc/usbd_desc.h"
 451              		.file 14 "Middlewares/ST/STM32_USB_Device_Library/Core/Inc/usbd_ctlreq.h"
ARM GAS  C:\Users\robot1\AppData\Local\Temp\ccziIBM7.s 			page 16


DEFINED SYMBOLS
                            *ABS*:0000000000000000 usbd_desc.c
C:\Users\robot1\AppData\Local\Temp\ccziIBM7.s:16     .text.USBD_FS_DeviceDescriptor:0000000000000000 $t
C:\Users\robot1\AppData\Local\Temp\ccziIBM7.s:24     .text.USBD_FS_DeviceDescriptor:0000000000000000 USBD_FS_DeviceDescriptor
C:\Users\robot1\AppData\Local\Temp\ccziIBM7.s:46     .text.USBD_FS_DeviceDescriptor:0000000000000008 $d
C:\Users\robot1\AppData\Local\Temp\ccziIBM7.s:51     .text.USBD_FS_LangIDStrDescriptor:0000000000000000 $t
C:\Users\robot1\AppData\Local\Temp\ccziIBM7.s:58     .text.USBD_FS_LangIDStrDescriptor:0000000000000000 USBD_FS_LangIDStrDescriptor
C:\Users\robot1\AppData\Local\Temp\ccziIBM7.s:79     .text.USBD_FS_LangIDStrDescriptor:0000000000000008 $d
C:\Users\robot1\AppData\Local\Temp\ccziIBM7.s:84     .text.USBD_FS_ProductStrDescriptor:0000000000000000 $t
C:\Users\robot1\AppData\Local\Temp\ccziIBM7.s:91     .text.USBD_FS_ProductStrDescriptor:0000000000000000 USBD_FS_ProductStrDescriptor
C:\Users\robot1\AppData\Local\Temp\ccziIBM7.s:138    .text.USBD_FS_ProductStrDescriptor:000000000000001c $d
                            *COM*:0000000000000200 USBD_StrDesc
C:\Users\robot1\AppData\Local\Temp\ccziIBM7.s:144    .text.USBD_FS_ManufacturerStrDescriptor:0000000000000000 $t
C:\Users\robot1\AppData\Local\Temp\ccziIBM7.s:151    .text.USBD_FS_ManufacturerStrDescriptor:0000000000000000 USBD_FS_ManufacturerStrDescriptor
C:\Users\robot1\AppData\Local\Temp\ccziIBM7.s:182    .text.USBD_FS_ManufacturerStrDescriptor:0000000000000014 $d
C:\Users\robot1\AppData\Local\Temp\ccziIBM7.s:188    .text.USBD_FS_SerialStrDescriptor:0000000000000000 $t
C:\Users\robot1\AppData\Local\Temp\ccziIBM7.s:195    .text.USBD_FS_SerialStrDescriptor:0000000000000000 USBD_FS_SerialStrDescriptor
C:\Users\robot1\AppData\Local\Temp\ccziIBM7.s:242    .text.USBD_FS_SerialStrDescriptor:000000000000001c $d
C:\Users\robot1\AppData\Local\Temp\ccziIBM7.s:248    .text.USBD_FS_ConfigStrDescriptor:0000000000000000 $t
C:\Users\robot1\AppData\Local\Temp\ccziIBM7.s:255    .text.USBD_FS_ConfigStrDescriptor:0000000000000000 USBD_FS_ConfigStrDescriptor
C:\Users\robot1\AppData\Local\Temp\ccziIBM7.s:302    .text.USBD_FS_ConfigStrDescriptor:000000000000001c $d
C:\Users\robot1\AppData\Local\Temp\ccziIBM7.s:308    .text.USBD_FS_InterfaceStrDescriptor:0000000000000000 $t
C:\Users\robot1\AppData\Local\Temp\ccziIBM7.s:315    .text.USBD_FS_InterfaceStrDescriptor:0000000000000000 USBD_FS_InterfaceStrDescriptor
C:\Users\robot1\AppData\Local\Temp\ccziIBM7.s:362    .text.USBD_FS_InterfaceStrDescriptor:000000000000001c $d
C:\Users\robot1\AppData\Local\Temp\ccziIBM7.s:412    .data.USBD_LangIDDesc:0000000000000000 USBD_LangIDDesc
C:\Users\robot1\AppData\Local\Temp\ccziIBM7.s:388    .data.USBD_FS_DeviceDesc:0000000000000000 USBD_FS_DeviceDesc
C:\Users\robot1\AppData\Local\Temp\ccziIBM7.s:375    .data.FS_Desc:0000000000000000 FS_Desc
C:\Users\robot1\AppData\Local\Temp\ccziIBM7.s:372    .data.FS_Desc:0000000000000000 $d
C:\Users\robot1\AppData\Local\Temp\ccziIBM7.s:384    .data.USBD_FS_DeviceDesc:0000000000000000 $d
C:\Users\robot1\AppData\Local\Temp\ccziIBM7.s:408    .data.USBD_LangIDDesc:0000000000000000 $d
C:\Users\robot1\AppData\Local\Temp\ccziIBM7.s:418    .rodata.USBD_FS_ConfigStrDescriptor.str1.4:0000000000000000 $d
C:\Users\robot1\AppData\Local\Temp\ccziIBM7.s:422    .rodata.USBD_FS_InterfaceStrDescriptor.str1.4:0000000000000000 $d
C:\Users\robot1\AppData\Local\Temp\ccziIBM7.s:426    .rodata.USBD_FS_ManufacturerStrDescriptor.str1.4:0000000000000000 $d
C:\Users\robot1\AppData\Local\Temp\ccziIBM7.s:430    .rodata.USBD_FS_ProductStrDescriptor.str1.4:0000000000000000 $d
C:\Users\robot1\AppData\Local\Temp\ccziIBM7.s:434    .rodata.USBD_FS_SerialStrDescriptor.str1.4:0000000000000000 $d

UNDEFINED SYMBOLS
USBD_GetString
